[35m[Appium][39m Welcome to Appium v1.14.2
[35m[Appium][39m Non-default server args:
[35m[Appium][39m   port: 61434
[35m[Appium][39m   loglevel: info
[35m[Appium][39m   chromeDriverPort: 61435
[35m[Appium][39m   tmpDir: C:\Users\wawan\AppData\Local\Temp\\Katalon\Appium\Temp1569922777003
[35m[Appium][39m Appium REST http interface listener started on 0.0.0.0:61434
[35m[HTTP][39m [37m-->[39m [37mGET[39m [37m/wd/hub/status[39m
[35m[HTTP][39m [90m{}[39m
[35m[HTTP][39m [37m<-- GET /wd/hub/status [39m[32m200[39m [90m9 ms - 57[39m
[35m[HTTP][39m [90m[39m
[35m[HTTP][39m [37m-->[39m [37mGET[39m [37m/wd/hub/status[39m
[35m[HTTP][39m [90m{}[39m
[35m[HTTP][39m [37m<-- GET /wd/hub/status [39m[32m200[39m [90m1 ms - 57[39m
[35m[HTTP][39m [90m[39m
[35m[HTTP][39m [37m-->[39m [37mPOST[39m [37m/wd/hub/session[39m
[35m[HTTP][39m [90m{"desiredCapabilities":{"app":"D:\\Apk Android\\home credit.apk","noReset":true,"deviceName":"HUAWEI HRY-AL00a (Android 9)","fullReset":false,"platform":"ANDROID","newCommandTimeout":1800,"platformVersion":"9","automationName":"uiautomator2","autoGrantPermissions":true,"platformName":"Android","udid":"MGMRK19109001986","systemPort":61443},"capabilities":{"firstMatch":[{"appium:app":"D:\\Apk Android\\home credit.apk","appium:autoGrantPermissions":true,"appium:automationName":"uiautomator2","appium:deviceName":"HUAWEI HRY-AL00a (Android 9)","appium:fullReset":false,"appium:newCommandTimeout":1800,"appium:noReset":true,"platform":"ANDROID","platformName":"android","appium:platformVersion":"9","appium:systemPort":61443,"appium:udid":"MGMRK19109001986"}]}}[39m
[35m[BaseDriver][39m The capabilities ["platform"] are not standard capabilities and should have an extension prefix
[35m[Appium][39m Appium v1.14.2 creating new AndroidUiautomator2Driver (v1.36.1) session
[35m[Appium][39m Capabilities:
[35m[Appium][39m   platform: ANDROID
[35m[Appium][39m   platformName: android
[35m[Appium][39m   app: D:\Apk Android\home credit.apk
[35m[Appium][39m   autoGrantPermissions: true
[35m[Appium][39m   automationName: uiautomator2
[35m[Appium][39m   deviceName: HUAWEI HRY-AL00a (Android 9)
[35m[Appium][39m   fullReset: false
[35m[Appium][39m   newCommandTimeout: 1800
[35m[Appium][39m   noReset: true
[35m[Appium][39m   platformVersion: 9
[35m[Appium][39m   systemPort: 61443
[35m[Appium][39m   udid: MGMRK19109001986
[35m[BaseDriver][39m The following capabilities were provided, but are not recognized by Appium:
[35m[BaseDriver][39m   platform
[35m[BaseDriver][39m Session created with session id: 12d80b1c-34d8-48d5-8d1f-d255e1476231
[35m[BaseDriver][39m Using local app 'D:\Apk Android\home credit.apk'
[35m[ADB][39m Found 1 'build-tools' folders under 'C:\Users\wawan\.katalon\tools\android_sdk' (newest first):
[35m[ADB][39m     C:/Users/wawan/.katalon/tools/android_sdk/build-tools/29.0.2
[35m[ADB][39m Using 'adb.exe' from 'C:\Users\wawan\.katalon\tools\android_sdk\platform-tools\adb.exe'
[35m[AndroidDriver][39m Retrieving device list
[35m[AndroidDriver][39m Using device: MGMRK19109001986
[35m[ADB][39m Using 'adb.exe' from 'C:\Users\wawan\.katalon\tools\android_sdk\platform-tools\adb.exe'
[35m[UiAutomator2][39m Relaxing hidden api policy
[35m[ADB][39m Using the alternative activity name detection method because of: Could not find 'apkanalyzer.bat' in ["C:\\Users\\wawan\\.katalon\\tools\\android_sdk\\platform-tools\\apkanalyzer.bat","C:\\Users\\wawan\\.katalon\\tools\\android_sdk\\emulator\\apkanalyzer.bat","C:\\Users\\wawan\\.katalon\\tools\\android_sdk\\tools\\apkanalyzer.bat","C:\\Users\\wawan\\.katalon\\tools\\android_sdk\\tools\\bin\\apkanalyzer.bat","C:\\Users\\wawan\\.katalon\\tools\\android_sdk\\build-tools\\29.0.2\\apkanalyzer.bat"]. Do you have Android Build Tools installed at 'C:\Users\wawan\.katalon\tools\android_sdk'?
[35m[ADB][39m Using 'aapt.exe' from 'C:\Users\wawan\.katalon\tools\android_sdk\build-tools\29.0.2\aapt.exe'
[35m[ADB][39m Extracting package and launch activity from manifest
[35m[ADB][39m Package name: 'id.co.myhomecredit'
[35m[ADB][39m Main activity name: 'id.co.homecredit.v2.launcherpage.SplashScreenActivity'
[35m[ADB][39m Cannot extract apk info using apkanalyzer. Falling back to aapt. Original error: Could not find 'apkanalyzer.bat' in ["C:\\Users\\wawan\\.katalon\\tools\\android_sdk\\platform-tools\\apkanalyzer.bat","C:\\Users\\wawan\\.katalon\\tools\\android_sdk\\emulator\\apkanalyzer.bat","C:\\Users\\wawan\\.katalon\\tools\\android_sdk\\tools\\apkanalyzer.bat","C:\\Users\\wawan\\.katalon\\tools\\android_sdk\\tools\\bin\\apkanalyzer.bat","C:\\Users\\wawan\\.katalon\\tools\\android_sdk\\build-tools\\29.0.2\\apkanalyzer.bat"]. Do you have Android Build Tools installed at 'C:\Users\wawan\.katalon\tools\android_sdk'?
[35m[ADB][39m Cannot extract apk info using apkanalyzer. Falling back to aapt. Original error: Could not find 'apkanalyzer.bat' in ["C:\\Users\\wawan\\.katalon\\tools\\android_sdk\\platform-tools\\apkanalyzer.bat","C:\\Users\\wawan\\.katalon\\tools\\android_sdk\\emulator\\apkanalyzer.bat","C:\\Users\\wawan\\.katalon\\tools\\android_sdk\\tools\\apkanalyzer.bat","C:\\Users\\wawan\\.katalon\\tools\\android_sdk\\tools\\bin\\apkanalyzer.bat","C:\\Users\\wawan\\.katalon\\tools\\android_sdk\\build-tools\\29.0.2\\apkanalyzer.bat"]. Do you have Android Build Tools installed at 'C:\Users\wawan\.katalon\tools\android_sdk'?
[35m[ADB][39m Using 'apksigner.bat' from 'C:\Users\wawan\.katalon\tools\android_sdk\build-tools\29.0.2\apksigner.bat'
[35m[UiAutomator2][39m Server packages are not going to be (re)installed
[35m[ADB][39m Cannot extract apk info using apkanalyzer. Falling back to aapt. Original error: Could not find 'apkanalyzer.bat' in ["C:\\Users\\wawan\\.katalon\\tools\\android_sdk\\platform-tools\\apkanalyzer.bat","C:\\Users\\wawan\\.katalon\\tools\\android_sdk\\emulator\\apkanalyzer.bat","C:\\Users\\wawan\\.katalon\\tools\\android_sdk\\tools\\apkanalyzer.bat","C:\\Users\\wawan\\.katalon\\tools\\android_sdk\\tools\\bin\\apkanalyzer.bat","C:\\Users\\wawan\\.katalon\\tools\\android_sdk\\build-tools\\29.0.2\\apkanalyzer.bat"]. Do you have Android Build Tools installed at 'C:\Users\wawan\.katalon\tools\android_sdk'?
[35m[UiAutomator2][39m Starting UIAutomator2 server 4.2.1
[35m[UiAutomator2][39m Using UIAutomator2 server from 'C:\Users\wawan\AppData\Local\Yarn\Data\global\node_modules\appium-uiautomator2-server\apks\appium-uiautomator2-server-v4.2.1.apk' and test from 'C:\Users\wawan\AppData\Local\Yarn\Data\global\node_modules\appium-uiautomator2-server\apks\appium-uiautomator2-server-debug-androidTest.apk'
[35m[UiAutomator2][39m Waiting up to 30000ms for UiAutomator2 to be online...
[35m[WD Proxy][39m Got an unexpected response with status undefined: {"code":"ECONNRESET"}
[35m[WD Proxy][39m Got an unexpected response with status undefined: {"code":"ECONNRESET"}
[35m[WD Proxy][39m Determined the downstream protocol as 'W3C'
[35m[AndroidDriver][39m Screen already unlocked, doing nothing
[35m[UiAutomator2][39m UiAutomator2 did not start the activity we were waiting for, 'id.co.myhomecredit/id.co.homecredit.v2.launcherpage.SplashScreenActivity'. Starting it ourselves
[35m[Appium][39m New AndroidUiautomator2Driver session created successfully, session 12d80b1c-34d8-48d5-8d1f-d255e1476231 added to master session list
[35m[HTTP][39m [37m<-- POST /wd/hub/session [39m[32m200[39m [90m15456 ms - 1181[39m
[35m[HTTP][39m [90m[39m
[35m[HTTP][39m [37m-->[39m [37mGET[39m [37m/wd/hub/session/12d80b1c-34d8-48d5-8d1f-d255e1476231[39m
[35m[HTTP][39m [90m{}[39m
[35m[HTTP][39m [37m<-- GET /wd/hub/session/12d80b1c-34d8-48d5-8d1f-d255e1476231 [39m[32m200[39m [90m164 ms - 1113[39m
[35m[HTTP][39m [90m[39m
[35m[HTTP][39m [37m-->[39m [37mGET[39m [37m/wd/hub/session/12d80b1c-34d8-48d5-8d1f-d255e1476231[39m
[35m[HTTP][39m [90m{}[39m
[35m[HTTP][39m [37m<-- GET /wd/hub/session/12d80b1c-34d8-48d5-8d1f-d255e1476231 [39m[32m200[39m [90m29 ms - 1113[39m
[35m[HTTP][39m [90m[39m
[35m[HTTP][39m [37m-->[39m [37mGET[39m [37m/wd/hub/status[39m
[35m[HTTP][39m [90m{}[39m
[35m[HTTP][39m [37m<-- GET /wd/hub/status [39m[32m200[39m [90m2 ms - 57[39m
[35m[HTTP][39m [90m[39m
[35m[HTTP][39m [37m-->[39m [37mPOST[39m [37m/wd/hub/session/12d80b1c-34d8-48d5-8d1f-d255e1476231/timeouts[39m
[35m[HTTP][39m [90m{"implicit":60000}[39m
[35m[HTTP][39m [37m<-- POST /wd/hub/session/12d80b1c-34d8-48d5-8d1f-d255e1476231/timeouts [39m[32m200[39m [90m7 ms - 14[39m
[35m[HTTP][39m [90m[39m
[35m[HTTP][39m [37m-->[39m [37mGET[39m [37m/wd/hub/session/12d80b1c-34d8-48d5-8d1f-d255e1476231/source[39m
[35m[HTTP][39m [90m{}[39m
[35m[W3C (12d80b1c)][39m Driver proxy active, passing request on via HTTP proxy
[35m[WD Proxy][39m Replacing sessionId b021797d-7040-46f4-a385-6bfb0d0a1f4b with 12d80b1c-34d8-48d5-8d1f-d255e1476231
[35m[HTTP][39m [37m<-- GET /wd/hub/session/12d80b1c-34d8-48d5-8d1f-d255e1476231/source [39m[32m200[39m [90m194 ms - 2819[39m
[35m[HTTP][39m [90m[39m
[35m[HTTP][39m [37m-->[39m [37mGET[39m [37m/wd/hub/session/12d80b1c-34d8-48d5-8d1f-d255e1476231/screenshot[39m
[35m[HTTP][39m [90m{}[39m
[35m[HTTP][39m [37m<-- GET /wd/hub/session/12d80b1c-34d8-48d5-8d1f-d255e1476231/screenshot [39m[32m200[39m [90m720 ms - 68612[39m
[35m[HTTP][39m [90m[39m
[35m[HTTP][39m [37m-->[39m [37mGET[39m [37m/wd/hub/session/12d80b1c-34d8-48d5-8d1f-d255e1476231/source[39m
[35m[HTTP][39m [90m{}[39m
[35m[W3C (12d80b1c)][39m Driver proxy active, passing request on via HTTP proxy
[35m[WD Proxy][39m Replacing sessionId b021797d-7040-46f4-a385-6bfb0d0a1f4b with 12d80b1c-34d8-48d5-8d1f-d255e1476231
[35m[HTTP][39m [37m<-- GET /wd/hub/session/12d80b1c-34d8-48d5-8d1f-d255e1476231/source [39m[32m200[39m [90m225 ms - 8454[39m
[35m[HTTP][39m [90m[39m
[35m[HTTP][39m [37m-->[39m [37mGET[39m [37m/wd/hub/session/12d80b1c-34d8-48d5-8d1f-d255e1476231/screenshot[39m
[35m[HTTP][39m [90m{}[39m
[35m[HTTP][39m [37m<-- GET /wd/hub/session/12d80b1c-34d8-48d5-8d1f-d255e1476231/screenshot [39m[32m200[39m [90m779 ms - 208856[39m
[35m[HTTP][39m [90m[39m
[35m[HTTP][39m [37m-->[39m [37mGET[39m [37m/wd/hub/session/12d80b1c-34d8-48d5-8d1f-d255e1476231/window/rect[39m
[35m[HTTP][39m [90m{}[39m
[35m[HTTP][39m [37m<-- GET /wd/hub/session/12d80b1c-34d8-48d5-8d1f-d255e1476231/window/rect [39m[32m200[39m [90m77 ms - 50[39m
[35m[HTTP][39m [90m[39m
[35m[HTTP][39m [37m-->[39m [37mPOST[39m [37m/wd/hub/session/12d80b1c-34d8-48d5-8d1f-d255e1476231/elements[39m
[35m[HTTP][39m [90m{"using":"xpath","value":"//hierarchy/android.widget.FrameLayout[1]/android.widget.LinearLayout[1]/android.widget.FrameLayout[1]/android.widget.LinearLayout[1]/android.widget.FrameLayout[1]/android.widget.LinearLayout[1]/android.widget.RelativeLayout[1]/android.widget.TextView[1]"}[39m
[35m[HTTP][39m [37m<-- POST /wd/hub/session/12d80b1c-34d8-48d5-8d1f-d255e1476231/elements [39m[32m200[39m [90m290 ms - 139[39m
[35m[HTTP][39m [90m[39m
[35m[HTTP][39m [37m-->[39m [37mGET[39m [37m/wd/hub/session/12d80b1c-34d8-48d5-8d1f-d255e1476231/element/59dee423-8264-4a99-a5bd-279c4857b11c/location[39m
[35m[HTTP][39m [90m{}[39m
[35m[W3C (12d80b1c)][39m Driver proxy active, passing request on via HTTP proxy
[35m[WD Proxy][39m Replacing sessionId b021797d-7040-46f4-a385-6bfb0d0a1f4b with 12d80b1c-34d8-48d5-8d1f-d255e1476231
[35m[HTTP][39m [37m<-- GET /wd/hub/session/12d80b1c-34d8-48d5-8d1f-d255e1476231/element/59dee423-8264-4a99-a5bd-279c4857b11c/location [39m[32m200[39m [90m65 ms - 88[39m
[35m[HTTP][39m [90m[39m
[35m[HTTP][39m [37m-->[39m [37mPOST[39m [37m/wd/hub/session/12d80b1c-34d8-48d5-8d1f-d255e1476231/touch/perform[39m
[35m[HTTP][39m [90m{"actions":[{"action":"tap","options":{"x":1,"y":1,"element":"59dee423-8264-4a99-a5bd-279c4857b11c"}}]}[39m
[35m[UiAutomator2][39m calling get location: 59dee423-8264-4a99-a5bd-279c4857b11c
[35m[HTTP][39m [37m<-- POST /wd/hub/session/12d80b1c-34d8-48d5-8d1f-d255e1476231/touch/perform [39m[32m200[39m [90m150 ms - 14[39m
[35m[HTTP][39m [90m[39m
[35m[HTTP][39m [37m-->[39m [37mGET[39m [37m/wd/hub/session/12d80b1c-34d8-48d5-8d1f-d255e1476231/source[39m
[35m[HTTP][39m [90m{}[39m
[35m[W3C (12d80b1c)][39m Driver proxy active, passing request on via HTTP proxy
[35m[WD Proxy][39m Replacing sessionId b021797d-7040-46f4-a385-6bfb0d0a1f4b with 12d80b1c-34d8-48d5-8d1f-d255e1476231
[35m[HTTP][39m [37m<-- GET /wd/hub/session/12d80b1c-34d8-48d5-8d1f-d255e1476231/source [39m[32m200[39m [90m273 ms - 10868[39m
[35m[HTTP][39m [90m[39m
[35m[HTTP][39m [37m-->[39m [37mGET[39m [37m/wd/hub/session/12d80b1c-34d8-48d5-8d1f-d255e1476231/screenshot[39m
[35m[HTTP][39m [90m{}[39m
[35m[HTTP][39m [37m<-- GET /wd/hub/session/12d80b1c-34d8-48d5-8d1f-d255e1476231/screenshot [39m[32m200[39m [90m692 ms - 114168[39m
[35m[HTTP][39m [90m[39m
[35m[HTTP][39m [37m-->[39m [37mGET[39m [37m/wd/hub/session/12d80b1c-34d8-48d5-8d1f-d255e1476231/window/rect[39m
[35m[HTTP][39m [90m{}[39m
[35m[HTTP][39m [37m<-- GET /wd/hub/session/12d80b1c-34d8-48d5-8d1f-d255e1476231/window/rect [39m[32m200[39m [90m67 ms - 50[39m
[35m[HTTP][39m [90m[39m
[35m[HTTP][39m [37m-->[39m [37mPOST[39m [37m/wd/hub/session/12d80b1c-34d8-48d5-8d1f-d255e1476231/elements[39m
[35m[HTTP][39m [90m{"using":"xpath","value":"//hierarchy/android.widget.FrameLayout[1]/android.widget.LinearLayout[1]/android.widget.FrameLayout[1]/android.widget.LinearLayout[1]/android.widget.FrameLayout[1]/android.widget.LinearLayout[1]/android.widget.FrameLayout[1]/android.widget.LinearLayout[1]/android.widget.RelativeLayout[1]/android.widget.LinearLayout[2]/android.widget.LinearLayout[1]/android.widget.TextView[1]"}[39m
[35m[HTTP][39m [37m<-- POST /wd/hub/session/12d80b1c-34d8-48d5-8d1f-d255e1476231/elements [39m[32m200[39m [90m1738 ms - 139[39m
[35m[HTTP][39m [90m[39m
[35m[HTTP][39m [37m-->[39m [37mGET[39m [37m/wd/hub/session/12d80b1c-34d8-48d5-8d1f-d255e1476231/element/e08c66d4-24c9-4713-88a3-ac63a89fee98/location[39m
[35m[HTTP][39m [90m{}[39m
[35m[W3C (12d80b1c)][39m Driver proxy active, passing request on via HTTP proxy
[35m[WD Proxy][39m Replacing sessionId b021797d-7040-46f4-a385-6bfb0d0a1f4b with 12d80b1c-34d8-48d5-8d1f-d255e1476231
[35m[HTTP][39m [37m<-- GET /wd/hub/session/12d80b1c-34d8-48d5-8d1f-d255e1476231/element/e08c66d4-24c9-4713-88a3-ac63a89fee98/location [39m[32m200[39m [90m79 ms - 90[39m
[35m[HTTP][39m [90m[39m
[35m[HTTP][39m [37m-->[39m [37mPOST[39m [37m/wd/hub/session/12d80b1c-34d8-48d5-8d1f-d255e1476231/touch/perform[39m
[35m[HTTP][39m [90m{"actions":[{"action":"tap","options":{"x":1,"y":1,"element":"e08c66d4-24c9-4713-88a3-ac63a89fee98"}}]}[39m
[35m[UiAutomator2][39m calling get location: e08c66d4-24c9-4713-88a3-ac63a89fee98
[35m[HTTP][39m [37m<-- POST /wd/hub/session/12d80b1c-34d8-48d5-8d1f-d255e1476231/touch/perform [39m[32m200[39m [90m151 ms - 14[39m
[35m[HTTP][39m [90m[39m
[35m[HTTP][39m [37m-->[39m [37mGET[39m [37m/wd/hub/session/12d80b1c-34d8-48d5-8d1f-d255e1476231/source[39m
[35m[HTTP][39m [90m{}[39m
[35m[W3C (12d80b1c)][39m Driver proxy active, passing request on via HTTP proxy
[35m[WD Proxy][39m Replacing sessionId b021797d-7040-46f4-a385-6bfb0d0a1f4b with 12d80b1c-34d8-48d5-8d1f-d255e1476231
[35m[HTTP][39m [37m<-- GET /wd/hub/session/12d80b1c-34d8-48d5-8d1f-d255e1476231/source [39m[32m200[39m [90m1778 ms - 11778[39m
[35m[HTTP][39m [90m[39m
[35m[HTTP][39m [37m-->[39m [37mGET[39m [37m/wd/hub/session/12d80b1c-34d8-48d5-8d1f-d255e1476231/screenshot[39m
[35m[HTTP][39m [90m{}[39m
[35m[HTTP][39m [37m<-- GET /wd/hub/session/12d80b1c-34d8-48d5-8d1f-d255e1476231/screenshot [39m[32m200[39m [90m692 ms - 110218[39m
[35m[HTTP][39m [90m[39m
[35m[HTTP][39m [37m-->[39m [37mGET[39m [37m/wd/hub/session/12d80b1c-34d8-48d5-8d1f-d255e1476231/window/rect[39m
[35m[HTTP][39m [90m{}[39m
[35m[HTTP][39m [37m<-- GET /wd/hub/session/12d80b1c-34d8-48d5-8d1f-d255e1476231/window/rect [39m[32m200[39m [90m62 ms - 50[39m
[35m[HTTP][39m [90m[39m
[35m[HTTP][39m [37m-->[39m [37mPOST[39m [37m/wd/hub/session/12d80b1c-34d8-48d5-8d1f-d255e1476231/elements[39m
[35m[HTTP][39m [90m{"using":"xpath","value":"//hierarchy/android.widget.FrameLayout[1]/android.widget.LinearLayout[1]/android.widget.FrameLayout[1]/android.widget.LinearLayout[1]/android.widget.FrameLayout[1]/android.widget.LinearLayout[1]/android.widget.FrameLayout[1]/android.widget.LinearLayout[1]/android.widget.LinearLayout[1]/android.widget.RelativeLayout[2]/android.widget.LinearLayout[1]/android.widget.LinearLayout[1]/android.widget.LinearLayout[1]/android.widget.TextView[1]"}[39m
[35m[HTTP][39m [37m<-- POST /wd/hub/session/12d80b1c-34d8-48d5-8d1f-d255e1476231/elements [39m[32m200[39m [90m314 ms - 139[39m
[35m[HTTP][39m [90m[39m
[35m[HTTP][39m [37m-->[39m [37mGET[39m [37m/wd/hub/session/12d80b1c-34d8-48d5-8d1f-d255e1476231/element/d314bab1-20f5-461c-a71f-d8941258ccc7/location[39m
[35m[HTTP][39m [90m{}[39m
[35m[W3C (12d80b1c)][39m Driver proxy active, passing request on via HTTP proxy
[35m[WD Proxy][39m Replacing sessionId b021797d-7040-46f4-a385-6bfb0d0a1f4b with 12d80b1c-34d8-48d5-8d1f-d255e1476231
[35m[HTTP][39m [37m<-- GET /wd/hub/session/12d80b1c-34d8-48d5-8d1f-d255e1476231/element/d314bab1-20f5-461c-a71f-d8941258ccc7/location [39m[32m200[39m [90m58 ms - 88[39m
[35m[HTTP][39m [90m[39m
[35m[HTTP][39m [37m-->[39m [37mPOST[39m [37m/wd/hub/session/12d80b1c-34d8-48d5-8d1f-d255e1476231/touch/perform[39m
[35m[HTTP][39m [90m{"actions":[{"action":"tap","options":{"x":1,"y":1,"element":"d314bab1-20f5-461c-a71f-d8941258ccc7"}}]}[39m
[35m[UiAutomator2][39m calling get location: d314bab1-20f5-461c-a71f-d8941258ccc7
[35m[HTTP][39m [37m<-- POST /wd/hub/session/12d80b1c-34d8-48d5-8d1f-d255e1476231/touch/perform [39m[32m200[39m [90m131 ms - 14[39m
[35m[HTTP][39m [90m[39m
[35m[HTTP][39m [37m-->[39m [37mGET[39m [37m/wd/hub/session/12d80b1c-34d8-48d5-8d1f-d255e1476231/source[39m
[35m[HTTP][39m [90m{}[39m
[35m[W3C (12d80b1c)][39m Driver proxy active, passing request on via HTTP proxy
[35m[WD Proxy][39m Replacing sessionId b021797d-7040-46f4-a385-6bfb0d0a1f4b with 12d80b1c-34d8-48d5-8d1f-d255e1476231
[35m[HTTP][39m [37m<-- GET /wd/hub/session/12d80b1c-34d8-48d5-8d1f-d255e1476231/source [39m[32m200[39m [90m244 ms - 10925[39m
[35m[HTTP][39m [90m[39m
[35m[HTTP][39m [37m-->[39m [37mGET[39m [37m/wd/hub/session/12d80b1c-34d8-48d5-8d1f-d255e1476231/screenshot[39m
[35m[HTTP][39m [90m{}[39m
[35m[HTTP][39m [37m<-- GET /wd/hub/session/12d80b1c-34d8-48d5-8d1f-d255e1476231/screenshot [39m[32m200[39m [90m699 ms - 99836[39m
[35m[HTTP][39m [90m[39m
[35m[HTTP][39m [37m-->[39m [37mGET[39m [37m/wd/hub/session/12d80b1c-34d8-48d5-8d1f-d255e1476231/window/rect[39m
[35m[HTTP][39m [90m{}[39m
[35m[HTTP][39m [37m<-- GET /wd/hub/session/12d80b1c-34d8-48d5-8d1f-d255e1476231/window/rect [39m[32m200[39m [90m45 ms - 50[39m
[35m[HTTP][39m [90m[39m
[35m[HTTP][39m [37m-->[39m [37mPOST[39m [37m/wd/hub/session/12d80b1c-34d8-48d5-8d1f-d255e1476231/elements[39m
[35m[HTTP][39m [90m{"using":"xpath","value":"//hierarchy/android.widget.FrameLayout[1]/android.widget.FrameLayout[1]/android.widget.FrameLayout[1]/android.widget.LinearLayout[1]/android.widget.LinearLayout[1]/android.widget.LinearLayout[1]/android.widget.Button[2]"}[39m
[35m[HTTP][39m [37m<-- POST /wd/hub/session/12d80b1c-34d8-48d5-8d1f-d255e1476231/elements [39m[32m200[39m [90m247 ms - 139[39m
[35m[HTTP][39m [90m[39m
[35m[HTTP][39m [37m-->[39m [37mGET[39m [37m/wd/hub/session/12d80b1c-34d8-48d5-8d1f-d255e1476231/element/1a5308ec-cf93-402d-b428-47e5ae4a9e98/location[39m
[35m[HTTP][39m [90m{}[39m
[35m[W3C (12d80b1c)][39m Driver proxy active, passing request on via HTTP proxy
[35m[WD Proxy][39m Replacing sessionId b021797d-7040-46f4-a385-6bfb0d0a1f4b with 12d80b1c-34d8-48d5-8d1f-d255e1476231
[35m[HTTP][39m [37m<-- GET /wd/hub/session/12d80b1c-34d8-48d5-8d1f-d255e1476231/element/1a5308ec-cf93-402d-b428-47e5ae4a9e98/location [39m[32m200[39m [90m67 ms - 90[39m
[35m[HTTP][39m [90m[39m
[35m[HTTP][39m [37m-->[39m [37mPOST[39m [37m/wd/hub/session/12d80b1c-34d8-48d5-8d1f-d255e1476231/touch/perform[39m
[35m[HTTP][39m [90m{"actions":[{"action":"tap","options":{"x":1,"y":1,"element":"1a5308ec-cf93-402d-b428-47e5ae4a9e98"}}]}[39m
[35m[UiAutomator2][39m calling get location: 1a5308ec-cf93-402d-b428-47e5ae4a9e98
[35m[HTTP][39m [37m<-- POST /wd/hub/session/12d80b1c-34d8-48d5-8d1f-d255e1476231/touch/perform [39m[32m200[39m [90m128 ms - 14[39m
[35m[HTTP][39m [90m[39m
[35m[HTTP][39m [37m-->[39m [37mGET[39m [37m/wd/hub/session/12d80b1c-34d8-48d5-8d1f-d255e1476231/source[39m
[35m[HTTP][39m [90m{}[39m
[35m[W3C (12d80b1c)][39m Driver proxy active, passing request on via HTTP proxy
[35m[WD Proxy][39m Replacing sessionId b021797d-7040-46f4-a385-6bfb0d0a1f4b with 12d80b1c-34d8-48d5-8d1f-d255e1476231
[35m[HTTP][39m [37m<-- GET /wd/hub/session/12d80b1c-34d8-48d5-8d1f-d255e1476231/source [39m[32m200[39m [90m185 ms - 11775[39m
[35m[HTTP][39m [90m[39m
[35m[HTTP][39m [37m-->[39m [37mGET[39m [37m/wd/hub/session/12d80b1c-34d8-48d5-8d1f-d255e1476231/screenshot[39m
[35m[HTTP][39m [90m{}[39m
[35m[HTTP][39m [37m<-- GET /wd/hub/session/12d80b1c-34d8-48d5-8d1f-d255e1476231/screenshot [39m[32m200[39m [90m699 ms - 110292[39m
[35m[HTTP][39m [90m[39m
[35m[HTTP][39m [37m-->[39m [37mGET[39m [37m/wd/hub/session/12d80b1c-34d8-48d5-8d1f-d255e1476231/window/rect[39m
[35m[HTTP][39m [90m{}[39m
[35m[HTTP][39m [37m<-- GET /wd/hub/session/12d80b1c-34d8-48d5-8d1f-d255e1476231/window/rect [39m[32m200[39m [90m58 ms - 50[39m
[35m[HTTP][39m [90m[39m
[35m[HTTP][39m [37m-->[39m [37mPOST[39m [37m/wd/hub/session/12d80b1c-34d8-48d5-8d1f-d255e1476231/elements[39m
[35m[HTTP][39m [90m{"using":"xpath","value":"//hierarchy/android.widget.FrameLayout[1]/android.widget.LinearLayout[1]/android.widget.FrameLayout[1]/android.widget.LinearLayout[1]/android.widget.FrameLayout[1]/android.widget.LinearLayout[1]/android.widget.FrameLayout[1]/android.widget.LinearLayout[1]/android.widget.LinearLayout[1]/android.widget.RelativeLayout[2]/android.widget.LinearLayout[1]/android.widget.LinearLayout[1]/android.widget.LinearLayout[1]/android.widget.LinearLayout[1]/android.widget.EditText[1]"}[39m
[35m[HTTP][39m [37m<-- POST /wd/hub/session/12d80b1c-34d8-48d5-8d1f-d255e1476231/elements [39m[32m200[39m [90m244 ms - 139[39m
[35m[HTTP][39m [90m[39m
[35m[HTTP][39m [37m-->[39m [37mGET[39m [37m/wd/hub/session/12d80b1c-34d8-48d5-8d1f-d255e1476231/element/0969b42b-1489-471e-a444-ee2542a0084e/location[39m
[35m[HTTP][39m [90m{}[39m
[35m[W3C (12d80b1c)][39m Driver proxy active, passing request on via HTTP proxy
[35m[WD Proxy][39m Replacing sessionId b021797d-7040-46f4-a385-6bfb0d0a1f4b with 12d80b1c-34d8-48d5-8d1f-d255e1476231
[35m[HTTP][39m [37m<-- GET /wd/hub/session/12d80b1c-34d8-48d5-8d1f-d255e1476231/element/0969b42b-1489-471e-a444-ee2542a0084e/location [39m[32m200[39m [90m78 ms - 90[39m
[35m[HTTP][39m [90m[39m
[35m[HTTP][39m [37m-->[39m [37mPOST[39m [37m/wd/hub/session/12d80b1c-34d8-48d5-8d1f-d255e1476231/element/0969b42b-1489-471e-a444-ee2542a0084e/clear[39m
[35m[HTTP][39m [90m{"id":"0969b42b-1489-471e-a444-ee2542a0084e"}[39m
[35m[HTTP][39m [37m<-- POST /wd/hub/session/12d80b1c-34d8-48d5-8d1f-d255e1476231/element/0969b42b-1489-471e-a444-ee2542a0084e/clear [39m[32m200[39m [90m61 ms - 14[39m
[35m[HTTP][39m [90m[39m
[35m[HTTP][39m [37m-->[39m [37mPOST[39m [37m/wd/hub/session/12d80b1c-34d8-48d5-8d1f-d255e1476231/element/0969b42b-1489-471e-a444-ee2542a0084e/value[39m
[35m[HTTP][39m [90m{"id":"0969b42b-1489-471e-a444-ee2542a0084e","text":"85234538634","value":["8","5","2","3","4","5","3","8","6","3","4"]}[39m
[35m[HTTP][39m [37m<-- POST /wd/hub/session/12d80b1c-34d8-48d5-8d1f-d255e1476231/element/0969b42b-1489-471e-a444-ee2542a0084e/value [39m[32m200[39m [90m566 ms - 14[39m
[35m[HTTP][39m [90m[39m
[35m[HTTP][39m [37m-->[39m [37mGET[39m [37m/wd/hub/session/12d80b1c-34d8-48d5-8d1f-d255e1476231/source[39m
[35m[HTTP][39m [90m{}[39m
[35m[W3C (12d80b1c)][39m Driver proxy active, passing request on via HTTP proxy
[35m[WD Proxy][39m Replacing sessionId b021797d-7040-46f4-a385-6bfb0d0a1f4b with 12d80b1c-34d8-48d5-8d1f-d255e1476231
[35m[HTTP][39m [37m<-- GET /wd/hub/session/12d80b1c-34d8-48d5-8d1f-d255e1476231/source [39m[32m200[39m [90m678 ms - 11759[39m
[35m[HTTP][39m [90m[39m
[35m[HTTP][39m [37m-->[39m [37mGET[39m [37m/wd/hub/session/12d80b1c-34d8-48d5-8d1f-d255e1476231/screenshot[39m
[35m[HTTP][39m [90m{}[39m
[35m[HTTP][39m [37m<-- GET /wd/hub/session/12d80b1c-34d8-48d5-8d1f-d255e1476231/screenshot [39m[32m200[39m [90m674 ms - 104578[39m
[35m[HTTP][39m [90m[39m
[35m[HTTP][39m [37m-->[39m [37mGET[39m [37m/wd/hub/session/12d80b1c-34d8-48d5-8d1f-d255e1476231/window/rect[39m
[35m[HTTP][39m [90m{}[39m
[35m[HTTP][39m [37m<-- GET /wd/hub/session/12d80b1c-34d8-48d5-8d1f-d255e1476231/window/rect [39m[32m200[39m [90m59 ms - 50[39m
[35m[HTTP][39m [90m[39m
[35m[HTTP][39m [37m-->[39m [37mPOST[39m [37m/wd/hub/session/12d80b1c-34d8-48d5-8d1f-d255e1476231/elements[39m
[35m[HTTP][39m [90m{"using":"xpath","value":"//hierarchy/android.widget.FrameLayout[1]/android.widget.LinearLayout[1]/android.widget.FrameLayout[1]/android.widget.LinearLayout[1]/android.widget.FrameLayout[1]/android.widget.LinearLayout[1]/android.widget.FrameLayout[1]/android.widget.LinearLayout[1]/android.widget.LinearLayout[1]/android.widget.RelativeLayout[2]/android.widget.LinearLayout[1]/android.widget.LinearLayout[2]/android.widget.EditText[1]"}[39m
[35m[HTTP][39m [37m<-- POST /wd/hub/session/12d80b1c-34d8-48d5-8d1f-d255e1476231/elements [39m[32m200[39m [90m252 ms - 139[39m
[35m[HTTP][39m [90m[39m
[35m[HTTP][39m [37m-->[39m [37mGET[39m [37m/wd/hub/session/12d80b1c-34d8-48d5-8d1f-d255e1476231/element/ee7fb7aa-7e11-426b-907f-9bf61bc6adcf/location[39m
[35m[HTTP][39m [90m{}[39m
[35m[W3C (12d80b1c)][39m Driver proxy active, passing request on via HTTP proxy
[35m[WD Proxy][39m Replacing sessionId b021797d-7040-46f4-a385-6bfb0d0a1f4b with 12d80b1c-34d8-48d5-8d1f-d255e1476231
[35m[HTTP][39m [37m<-- GET /wd/hub/session/12d80b1c-34d8-48d5-8d1f-d255e1476231/element/ee7fb7aa-7e11-426b-907f-9bf61bc6adcf/location [39m[32m200[39m [90m60 ms - 89[39m
[35m[HTTP][39m [90m[39m
[35m[HTTP][39m [37m-->[39m [37mPOST[39m [37m/wd/hub/session/12d80b1c-34d8-48d5-8d1f-d255e1476231/element/ee7fb7aa-7e11-426b-907f-9bf61bc6adcf/clear[39m
[35m[HTTP][39m [90m{"id":"ee7fb7aa-7e11-426b-907f-9bf61bc6adcf"}[39m
[35m[HTTP][39m [37m<-- POST /wd/hub/session/12d80b1c-34d8-48d5-8d1f-d255e1476231/element/ee7fb7aa-7e11-426b-907f-9bf61bc6adcf/clear [39m[32m200[39m [90m59 ms - 14[39m
[35m[HTTP][39m [90m[39m
[35m[HTTP][39m [37m-->[39m [37mPOST[39m [37m/wd/hub/session/12d80b1c-34d8-48d5-8d1f-d255e1476231/element/ee7fb7aa-7e11-426b-907f-9bf61bc6adcf/value[39m
[35m[HTTP][39m [90m{"id":"ee7fb7aa-7e11-426b-907f-9bf61bc6adcf","text":"123456","value":["1","2","3","4","5","6"]}[39m
[35m[HTTP][39m [37m<-- POST /wd/hub/session/12d80b1c-34d8-48d5-8d1f-d255e1476231/element/ee7fb7aa-7e11-426b-907f-9bf61bc6adcf/value [39m[32m200[39m [90m1481 ms - 14[39m
[35m[HTTP][39m [90m[39m
[35m[HTTP][39m [37m-->[39m [37mGET[39m [37m/wd/hub/session/12d80b1c-34d8-48d5-8d1f-d255e1476231/source[39m
[35m[HTTP][39m [90m{}[39m
[35m[W3C (12d80b1c)][39m Driver proxy active, passing request on via HTTP proxy
[35m[WD Proxy][39m Replacing sessionId b021797d-7040-46f4-a385-6bfb0d0a1f4b with 12d80b1c-34d8-48d5-8d1f-d255e1476231
[35m[HTTP][39m [37m<-- GET /wd/hub/session/12d80b1c-34d8-48d5-8d1f-d255e1476231/source [39m[32m200[39m [90m266 ms - 11744[39m
[35m[HTTP][39m [90m[39m
[35m[HTTP][39m [37m-->[39m [37mGET[39m [37m/wd/hub/session/12d80b1c-34d8-48d5-8d1f-d255e1476231/screenshot[39m
[35m[HTTP][39m [90m{}[39m
[35m[HTTP][39m [37m<-- GET /wd/hub/session/12d80b1c-34d8-48d5-8d1f-d255e1476231/screenshot [39m[32m200[39m [90m656 ms - 91888[39m
[35m[HTTP][39m [90m[39m
[35m[HTTP][39m [37m-->[39m [37mGET[39m [37m/wd/hub/session/12d80b1c-34d8-48d5-8d1f-d255e1476231/window/rect[39m
[35m[HTTP][39m [90m{}[39m
[35m[HTTP][39m [37m<-- GET /wd/hub/session/12d80b1c-34d8-48d5-8d1f-d255e1476231/window/rect [39m[32m200[39m [90m57 ms - 50[39m
[35m[HTTP][39m [90m[39m
[35m[HTTP][39m [37m-->[39m [37mPOST[39m [37m/wd/hub/session/12d80b1c-34d8-48d5-8d1f-d255e1476231/elements[39m
[35m[HTTP][39m [90m{"using":"xpath","value":"//hierarchy/android.widget.FrameLayout[1]/android.widget.LinearLayout[1]/android.widget.FrameLayout[1]/android.widget.LinearLayout[1]/android.widget.FrameLayout[1]/android.widget.LinearLayout[1]/android.widget.FrameLayout[1]/android.widget.LinearLayout[1]/android.widget.LinearLayout[1]/android.widget.RelativeLayout[2]/android.widget.LinearLayout[1]/android.widget.LinearLayout[2]/android.widget.EditText[2]"}[39m
[35m[HTTP][39m [37m<-- POST /wd/hub/session/12d80b1c-34d8-48d5-8d1f-d255e1476231/elements [39m[32m200[39m [90m236 ms - 139[39m
[35m[HTTP][39m [90m[39m
[35m[HTTP][39m [37m-->[39m [37mGET[39m [37m/wd/hub/session/12d80b1c-34d8-48d5-8d1f-d255e1476231/element/c51b004c-3e26-4dff-b350-0c67afe3f93c/location[39m
[35m[HTTP][39m [90m{}[39m
[35m[W3C (12d80b1c)][39m Driver proxy active, passing request on via HTTP proxy
[35m[WD Proxy][39m Replacing sessionId b021797d-7040-46f4-a385-6bfb0d0a1f4b with 12d80b1c-34d8-48d5-8d1f-d255e1476231
[35m[HTTP][39m [37m<-- GET /wd/hub/session/12d80b1c-34d8-48d5-8d1f-d255e1476231/element/c51b004c-3e26-4dff-b350-0c67afe3f93c/location [39m[32m200[39m [90m76 ms - 89[39m
[35m[HTTP][39m [90m[39m
[35m[HTTP][39m [37m-->[39m [37mPOST[39m [37m/wd/hub/session/12d80b1c-34d8-48d5-8d1f-d255e1476231/element/c51b004c-3e26-4dff-b350-0c67afe3f93c/clear[39m
[35m[HTTP][39m [90m{"id":"c51b004c-3e26-4dff-b350-0c67afe3f93c"}[39m
[35m[HTTP][39m [37m<-- POST /wd/hub/session/12d80b1c-34d8-48d5-8d1f-d255e1476231/element/c51b004c-3e26-4dff-b350-0c67afe3f93c/clear [39m[32m200[39m [90m69 ms - 14[39m
[35m[HTTP][39m [90m[39m
[35m[HTTP][39m [37m-->[39m [37mPOST[39m [37m/wd/hub/session/12d80b1c-34d8-48d5-8d1f-d255e1476231/element/c51b004c-3e26-4dff-b350-0c67afe3f93c/value[39m
[35m[HTTP][39m [90m{"id":"c51b004c-3e26-4dff-b350-0c67afe3f93c","text":"123456","value":["1","2","3","4","5","6"]}[39m
[35m[HTTP][39m [37m<-- POST /wd/hub/session/12d80b1c-34d8-48d5-8d1f-d255e1476231/element/c51b004c-3e26-4dff-b350-0c67afe3f93c/value [39m[32m200[39m [90m538 ms - 14[39m
[35m[HTTP][39m [90m[39m
[35m[HTTP][39m [37m-->[39m [37mGET[39m [37m/wd/hub/session/12d80b1c-34d8-48d5-8d1f-d255e1476231/source[39m
[35m[HTTP][39m [90m{}[39m
[35m[W3C (12d80b1c)][39m Driver proxy active, passing request on via HTTP proxy
[35m[WD Proxy][39m Replacing sessionId b021797d-7040-46f4-a385-6bfb0d0a1f4b with 12d80b1c-34d8-48d5-8d1f-d255e1476231
[35m[HTTP][39m [37m<-- GET /wd/hub/session/12d80b1c-34d8-48d5-8d1f-d255e1476231/source [39m[32m200[39m [90m251 ms - 11737[39m
[35m[HTTP][39m [90m[39m
[35m[HTTP][39m [37m-->[39m [37mGET[39m [37m/wd/hub/session/12d80b1c-34d8-48d5-8d1f-d255e1476231/screenshot[39m
[35m[HTTP][39m [90m{}[39m
[35m[HTTP][39m [37m<-- GET /wd/hub/session/12d80b1c-34d8-48d5-8d1f-d255e1476231/screenshot [39m[32m200[39m [90m653 ms - 81576[39m
[35m[HTTP][39m [90m[39m
[35m[HTTP][39m [37m-->[39m [37mGET[39m [37m/wd/hub/session/12d80b1c-34d8-48d5-8d1f-d255e1476231/window/rect[39m
[35m[HTTP][39m [90m{}[39m
[35m[HTTP][39m [37m<-- GET /wd/hub/session/12d80b1c-34d8-48d5-8d1f-d255e1476231/window/rect [39m[32m200[39m [90m65 ms - 50[39m
[35m[HTTP][39m [90m[39m
[35m[HTTP][39m [37m-->[39m [37mPOST[39m [37m/wd/hub/session/12d80b1c-34d8-48d5-8d1f-d255e1476231/elements[39m
[35m[HTTP][39m [90m{"using":"xpath","value":"//hierarchy/android.widget.FrameLayout[1]/android.widget.LinearLayout[1]/android.widget.FrameLayout[1]/android.widget.LinearLayout[1]/android.widget.FrameLayout[1]/android.widget.LinearLayout[1]/android.widget.FrameLayout[1]/android.widget.LinearLayout[1]/android.widget.LinearLayout[1]/android.widget.RelativeLayout[2]/android.widget.LinearLayout[1]/android.widget.Button[1]"}[39m
[35m[HTTP][39m [37m<-- POST /wd/hub/session/12d80b1c-34d8-48d5-8d1f-d255e1476231/elements [39m[32m200[39m [90m207 ms - 139[39m
[35m[HTTP][39m [90m[39m
[35m[HTTP][39m [37m-->[39m [37mGET[39m [37m/wd/hub/session/12d80b1c-34d8-48d5-8d1f-d255e1476231/element/6e8e4f3f-e875-4bf2-9748-3e7d5472a2f8/location[39m
[35m[HTTP][39m [90m{}[39m
[35m[W3C (12d80b1c)][39m Driver proxy active, passing request on via HTTP proxy
[35m[WD Proxy][39m Replacing sessionId b021797d-7040-46f4-a385-6bfb0d0a1f4b with 12d80b1c-34d8-48d5-8d1f-d255e1476231
[35m[HTTP][39m [37m<-- GET /wd/hub/session/12d80b1c-34d8-48d5-8d1f-d255e1476231/element/6e8e4f3f-e875-4bf2-9748-3e7d5472a2f8/location [39m[32m200[39m [90m60 ms - 89[39m
[35m[HTTP][39m [90m[39m
[35m[HTTP][39m [37m-->[39m [37mPOST[39m [37m/wd/hub/session/12d80b1c-34d8-48d5-8d1f-d255e1476231/touch/perform[39m
[35m[HTTP][39m [90m{"actions":[{"action":"tap","options":{"x":1,"y":1,"element":"6e8e4f3f-e875-4bf2-9748-3e7d5472a2f8"}}]}[39m
[35m[UiAutomator2][39m calling get location: 6e8e4f3f-e875-4bf2-9748-3e7d5472a2f8
[35m[HTTP][39m [37m<-- POST /wd/hub/session/12d80b1c-34d8-48d5-8d1f-d255e1476231/touch/perform [39m[32m200[39m [90m130 ms - 14[39m
[35m[HTTP][39m [90m[39m
[35m[HTTP][39m [37m-->[39m [37mGET[39m [37m/wd/hub/session/12d80b1c-34d8-48d5-8d1f-d255e1476231/source[39m
[35m[HTTP][39m [90m{}[39m
[35m[W3C (12d80b1c)][39m Driver proxy active, passing request on via HTTP proxy
[35m[WD Proxy][39m Replacing sessionId b021797d-7040-46f4-a385-6bfb0d0a1f4b with 12d80b1c-34d8-48d5-8d1f-d255e1476231
[35m[HTTP][39m [37m<-- GET /wd/hub/session/12d80b1c-34d8-48d5-8d1f-d255e1476231/source [39m[32m200[39m [90m633 ms - 7275[39m
[35m[HTTP][39m [90m[39m
[35m[HTTP][39m [37m-->[39m [37mGET[39m [37m/wd/hub/session/12d80b1c-34d8-48d5-8d1f-d255e1476231/screenshot[39m
[35m[HTTP][39m [90m{}[39m
[35m[HTTP][39m [37m<-- GET /wd/hub/session/12d80b1c-34d8-48d5-8d1f-d255e1476231/screenshot [39m[32m200[39m [90m718 ms - 76244[39m
[35m[HTTP][39m [90m[39m
[35m[HTTP][39m [37m-->[39m [37mGET[39m [37m/wd/hub/session/12d80b1c-34d8-48d5-8d1f-d255e1476231/window/rect[39m
[35m[HTTP][39m [90m{}[39m
[35m[HTTP][39m [37m<-- GET /wd/hub/session/12d80b1c-34d8-48d5-8d1f-d255e1476231/window/rect [39m[32m200[39m [90m61 ms - 50[39m
[35m[HTTP][39m [90m[39m
[35m[HTTP][39m [37m-->[39m [37mPOST[39m [37m/wd/hub/session/12d80b1c-34d8-48d5-8d1f-d255e1476231/elements[39m
[35m[HTTP][39m [90m{"using":"xpath","value":"//hierarchy/android.widget.FrameLayout[1]/android.widget.LinearLayout[1]/android.widget.FrameLayout[1]/android.widget.LinearLayout[1]/android.widget.FrameLayout[1]/android.widget.RelativeLayout[1]/android.widget.LinearLayout[1]/android.widget.LinearLayout[2]/android.widget.RelativeLayout[1]/android.widget.TextView[1]"}[39m
[35m[HTTP][39m [37m<-- POST /wd/hub/session/12d80b1c-34d8-48d5-8d1f-d255e1476231/elements [39m[32m200[39m [90m252 ms - 139[39m
[35m[HTTP][39m [90m[39m
[35m[HTTP][39m [37m-->[39m [37mGET[39m [37m/wd/hub/session/12d80b1c-34d8-48d5-8d1f-d255e1476231/element/cb545d8f-4b3b-4ef1-b83f-907309b5c07c/location[39m
[35m[HTTP][39m [90m{}[39m
[35m[W3C (12d80b1c)][39m Driver proxy active, passing request on via HTTP proxy
[35m[WD Proxy][39m Replacing sessionId b021797d-7040-46f4-a385-6bfb0d0a1f4b with 12d80b1c-34d8-48d5-8d1f-d255e1476231
[35m[HTTP][39m [37m<-- GET /wd/hub/session/12d80b1c-34d8-48d5-8d1f-d255e1476231/element/cb545d8f-4b3b-4ef1-b83f-907309b5c07c/location [39m[32m200[39m [90m56 ms - 89[39m
[35m[HTTP][39m [90m[39m
[35m[HTTP][39m [37m-->[39m [37mPOST[39m [37m/wd/hub/session/12d80b1c-34d8-48d5-8d1f-d255e1476231/touch/perform[39m
[35m[HTTP][39m [90m{"actions":[{"action":"tap","options":{"x":1,"y":1,"element":"cb545d8f-4b3b-4ef1-b83f-907309b5c07c"}}]}[39m
[35m[UiAutomator2][39m calling get location: cb545d8f-4b3b-4ef1-b83f-907309b5c07c
[35m[HTTP][39m [37m<-- POST /wd/hub/session/12d80b1c-34d8-48d5-8d1f-d255e1476231/touch/perform [39m[32m200[39m [90m128 ms - 14[39m
[35m[HTTP][39m [90m[39m
[35m[HTTP][39m [37m-->[39m [37mGET[39m [37m/wd/hub/session/12d80b1c-34d8-48d5-8d1f-d255e1476231/source[39m
[35m[HTTP][39m [90m{}[39m
[35m[W3C (12d80b1c)][39m Driver proxy active, passing request on via HTTP proxy
[35m[WD Proxy][39m Replacing sessionId b021797d-7040-46f4-a385-6bfb0d0a1f4b with 12d80b1c-34d8-48d5-8d1f-d255e1476231
[35m[HTTP][39m [37m<-- GET /wd/hub/session/12d80b1c-34d8-48d5-8d1f-d255e1476231/source [39m[32m200[39m [90m369 ms - 4652[39m
[35m[HTTP][39m [90m[39m
[35m[HTTP][39m [37m-->[39m [37mGET[39m [37m/wd/hub/session/12d80b1c-34d8-48d5-8d1f-d255e1476231/screenshot[39m
[35m[HTTP][39m [90m{}[39m
[35m[HTTP][39m [37m<-- GET /wd/hub/session/12d80b1c-34d8-48d5-8d1f-d255e1476231/screenshot [39m[32m200[39m [90m699 ms - 121064[39m
[35m[HTTP][39m [90m[39m
[35m[HTTP][39m [37m-->[39m [37mGET[39m [37m/wd/hub/session/12d80b1c-34d8-48d5-8d1f-d255e1476231/source[39m
[35m[HTTP][39m [90m{}[39m
[35m[W3C (12d80b1c)][39m Driver proxy active, passing request on via HTTP proxy
[35m[WD Proxy][39m Replacing sessionId b021797d-7040-46f4-a385-6bfb0d0a1f4b with 12d80b1c-34d8-48d5-8d1f-d255e1476231
[35m[HTTP][39m [37m<-- GET /wd/hub/session/12d80b1c-34d8-48d5-8d1f-d255e1476231/source [39m[32m200[39m [90m558 ms - 8167[39m
[35m[HTTP][39m [90m[39m
[35m[HTTP][39m [37m-->[39m [37mGET[39m [37m/wd/hub/session/12d80b1c-34d8-48d5-8d1f-d255e1476231/screenshot[39m
[35m[HTTP][39m [90m{}[39m
[35m[HTTP][39m [37m<-- GET /wd/hub/session/12d80b1c-34d8-48d5-8d1f-d255e1476231/screenshot [39m[32m200[39m [90m802 ms - 100354[39m
[35m[HTTP][39m [90m[39m
[35m[HTTP][39m [37m-->[39m [37mGET[39m [37m/wd/hub/session/12d80b1c-34d8-48d5-8d1f-d255e1476231/window/rect[39m
[35m[HTTP][39m [90m{}[39m
[35m[HTTP][39m [37m<-- GET /wd/hub/session/12d80b1c-34d8-48d5-8d1f-d255e1476231/window/rect [39m[32m200[39m [90m60 ms - 50[39m
[35m[HTTP][39m [90m[39m
[35m[HTTP][39m [37m-->[39m [37mPOST[39m [37m/wd/hub/session/12d80b1c-34d8-48d5-8d1f-d255e1476231/elements[39m
[35m[HTTP][39m [90m{"using":"xpath","value":"//hierarchy/android.widget.FrameLayout[1]/android.widget.LinearLayout[1]/android.widget.FrameLayout[1]/android.widget.LinearLayout[1]/android.widget.FrameLayout[1]/android.widget.LinearLayout[1]/android.widget.FrameLayout[1]/android.widget.LinearLayout[1]/android.widget.LinearLayout[1]/android.widget.EditText[1]"}[39m
[35m[HTTP][39m [37m<-- POST /wd/hub/session/12d80b1c-34d8-48d5-8d1f-d255e1476231/elements [39m[32m200[39m [90m221 ms - 139[39m
[35m[HTTP][39m [90m[39m
[35m[HTTP][39m [37m-->[39m [37mGET[39m [37m/wd/hub/session/12d80b1c-34d8-48d5-8d1f-d255e1476231/element/757373e0-4cea-433d-b27e-47b7b4bec92f/location[39m
[35m[HTTP][39m [90m{}[39m
[35m[W3C (12d80b1c)][39m Driver proxy active, passing request on via HTTP proxy
[35m[WD Proxy][39m Replacing sessionId b021797d-7040-46f4-a385-6bfb0d0a1f4b with 12d80b1c-34d8-48d5-8d1f-d255e1476231
[35m[HTTP][39m [37m<-- GET /wd/hub/session/12d80b1c-34d8-48d5-8d1f-d255e1476231/element/757373e0-4cea-433d-b27e-47b7b4bec92f/location [39m[32m200[39m [90m80 ms - 89[39m
[35m[HTTP][39m [90m[39m
[35m[HTTP][39m [37m-->[39m [37mPOST[39m [37m/wd/hub/session/12d80b1c-34d8-48d5-8d1f-d255e1476231/element/757373e0-4cea-433d-b27e-47b7b4bec92f/clear[39m
[35m[HTTP][39m [90m{"id":"757373e0-4cea-433d-b27e-47b7b4bec92f"}[39m
[35m[HTTP][39m [37m<-- POST /wd/hub/session/12d80b1c-34d8-48d5-8d1f-d255e1476231/element/757373e0-4cea-433d-b27e-47b7b4bec92f/clear [39m[32m200[39m [90m70 ms - 14[39m
[35m[HTTP][39m [90m[39m
[35m[HTTP][39m [37m-->[39m [37mPOST[39m [37m/wd/hub/session/12d80b1c-34d8-48d5-8d1f-d255e1476231/element/757373e0-4cea-433d-b27e-47b7b4bec92f/value[39m
[35m[HTTP][39m [90m{"id":"757373e0-4cea-433d-b27e-47b7b4bec92f","text":"1234","value":["1","2","3","4"]}[39m
[35m[HTTP][39m [37m<-- POST /wd/hub/session/12d80b1c-34d8-48d5-8d1f-d255e1476231/element/757373e0-4cea-433d-b27e-47b7b4bec92f/value [39m[32m200[39m [90m887 ms - 14[39m
[35m[HTTP][39m [90m[39m
[35m[HTTP][39m [37m-->[39m [37mGET[39m [37m/wd/hub/session/12d80b1c-34d8-48d5-8d1f-d255e1476231/source[39m
[35m[HTTP][39m [90m{}[39m
[35m[W3C (12d80b1c)][39m Driver proxy active, passing request on via HTTP proxy
[35m[WD Proxy][39m Replacing sessionId b021797d-7040-46f4-a385-6bfb0d0a1f4b with 12d80b1c-34d8-48d5-8d1f-d255e1476231
[35m[HTTP][39m [37m<-- GET /wd/hub/session/12d80b1c-34d8-48d5-8d1f-d255e1476231/source [39m[32m200[39m [90m192 ms - 8171[39m
[35m[HTTP][39m [90m[39m
[35m[HTTP][39m [37m-->[39m [37mGET[39m [37m/wd/hub/session/12d80b1c-34d8-48d5-8d1f-d255e1476231/screenshot[39m
[35m[HTTP][39m [90m{}[39m
[35m[HTTP][39m [37m<-- GET /wd/hub/session/12d80b1c-34d8-48d5-8d1f-d255e1476231/screenshot [39m[32m200[39m [90m695 ms - 106488[39m
[35m[HTTP][39m [90m[39m
[35m[HTTP][39m [37m-->[39m [37mGET[39m [37m/wd/hub/session/12d80b1c-34d8-48d5-8d1f-d255e1476231/window/rect[39m
[35m[HTTP][39m [90m{}[39m
[35m[HTTP][39m [37m<-- GET /wd/hub/session/12d80b1c-34d8-48d5-8d1f-d255e1476231/window/rect [39m[32m200[39m [90m63 ms - 50[39m
[35m[HTTP][39m [90m[39m
[35m[HTTP][39m [37m-->[39m [37mPOST[39m [37m/wd/hub/session/12d80b1c-34d8-48d5-8d1f-d255e1476231/elements[39m
[35m[HTTP][39m [90m{"using":"xpath","value":"//hierarchy/android.widget.FrameLayout[1]/android.widget.LinearLayout[1]/android.widget.FrameLayout[1]/android.widget.LinearLayout[1]/android.widget.FrameLayout[1]/android.widget.LinearLayout[1]/android.widget.FrameLayout[1]/android.widget.LinearLayout[1]/android.widget.Button[1]"}[39m
[35m[HTTP][39m [37m<-- POST /wd/hub/session/12d80b1c-34d8-48d5-8d1f-d255e1476231/elements [39m[32m200[39m [90m206 ms - 139[39m
[35m[HTTP][39m [90m[39m
[35m[HTTP][39m [37m-->[39m [37mGET[39m [37m/wd/hub/session/12d80b1c-34d8-48d5-8d1f-d255e1476231/element/44cb7b41-cf97-4ba6-9506-5ec415422d58/location[39m
[35m[HTTP][39m [90m{}[39m
[35m[W3C (12d80b1c)][39m Driver proxy active, passing request on via HTTP proxy
[35m[WD Proxy][39m Replacing sessionId b021797d-7040-46f4-a385-6bfb0d0a1f4b with 12d80b1c-34d8-48d5-8d1f-d255e1476231
[35m[HTTP][39m [37m<-- GET /wd/hub/session/12d80b1c-34d8-48d5-8d1f-d255e1476231/element/44cb7b41-cf97-4ba6-9506-5ec415422d58/location [39m[32m200[39m [90m61 ms - 89[39m
[35m[HTTP][39m [90m[39m
[35m[HTTP][39m [37m-->[39m [37mPOST[39m [37m/wd/hub/session/12d80b1c-34d8-48d5-8d1f-d255e1476231/touch/perform[39m
[35m[HTTP][39m [90m{"actions":[{"action":"tap","options":{"x":1,"y":1,"element":"44cb7b41-cf97-4ba6-9506-5ec415422d58"}}]}[39m
[35m[UiAutomator2][39m calling get location: 44cb7b41-cf97-4ba6-9506-5ec415422d58
[35m[HTTP][39m [37m<-- POST /wd/hub/session/12d80b1c-34d8-48d5-8d1f-d255e1476231/touch/perform [39m[32m200[39m [90m620 ms - 14[39m
[35m[HTTP][39m [90m[39m
[35m[HTTP][39m [37m-->[39m [37mGET[39m [37m/wd/hub/session/12d80b1c-34d8-48d5-8d1f-d255e1476231/source[39m
[35m[HTTP][39m [90m{}[39m
[35m[W3C (12d80b1c)][39m Driver proxy active, passing request on via HTTP proxy
[35m[WD Proxy][39m Replacing sessionId b021797d-7040-46f4-a385-6bfb0d0a1f4b with 12d80b1c-34d8-48d5-8d1f-d255e1476231
[35m[HTTP][39m [37m<-- GET /wd/hub/session/12d80b1c-34d8-48d5-8d1f-d255e1476231/source [39m[32m200[39m [90m158 ms - 6536[39m
[35m[HTTP][39m [90m[39m
[35m[HTTP][39m [37m-->[39m [37mGET[39m [37m/wd/hub/session/12d80b1c-34d8-48d5-8d1f-d255e1476231/screenshot[39m
[35m[HTTP][39m [90m{}[39m
[35m[HTTP][39m [37m<-- GET /wd/hub/session/12d80b1c-34d8-48d5-8d1f-d255e1476231/screenshot [39m[32m200[39m [90m692 ms - 114508[39m
[35m[HTTP][39m [90m[39m
[35m[HTTP][39m [37m-->[39m [37mDELETE[39m [37m/wd/hub/session/12d80b1c-34d8-48d5-8d1f-d255e1476231[39m
[35m[HTTP][39m [90m{}[39m
[35m[Appium][39m Removing session 12d80b1c-34d8-48d5-8d1f-d255e1476231 from our master session list
[35m[UiAutomator2][39m Restoring hidden api policy to the device default configuration
[35m[HTTP][39m [37m<-- DELETE /wd/hub/session/12d80b1c-34d8-48d5-8d1f-d255e1476231 [39m[32m200[39m [90m1255 ms - 14[39m
[35m[HTTP][39m [90m[39m
